-----------------test_continuous_insert(1024,1024,2)
QPS=502030, Latency[ave=3952ms, 99p=5000ms]
QPS=558993, Latency[ave=3666ms, 99p=5000ms]
QPS=532053, Latency[ave=3733ms, 99p=5000ms]
QPS=525911, Latency[ave=3710ms, 99p=5000ms]
QPS=552176, Latency[ave=3718ms, 99p=5000ms]
QPS=533421, Latency[ave=3794ms, 99p=5000ms]
QPS=572984, Latency[ave=3652ms, 99p=5000ms]
QPS=543659, Latency[ave=3744ms, 99p=5000ms]
QPS=556605, Latency[ave=3701ms, 99p=5000ms]
QPS=547755, Latency[ave=3721ms, 99p=5000ms]
QPS=519433, Latency[ave=3643ms, 99p=5000ms]
QPS=554224, Latency[ave=3712ms, 99p=5000ms]
QPS=546730, Latency[ave=3577ms, 99p=5000ms]
QPS=565145, Latency[ave=3747ms, 99p=5000ms]
QPS=536149, Latency[ave=3868ms, 99p=5000ms]
QPS=544339, Latency[ave=3766ms, 99p=5000ms]
QPS=550146, Latency[ave=3692ms, 99p=5000ms]
QPS=566506, Latency[ave=3574ms, 99p=5000ms]
QPS=537855, Latency[ave=3852ms, 99p=5000ms]
QPS=558322, Latency[ave=3609ms, 99p=5000ms]
QPS=542631, Latency[ave=3778ms, 99p=5000ms]
QPS=529665, Latency[ave=3765ms, 99p=5000ms]
QPS=555592, Latency[ave=3721ms, 99p=5000ms]
QPS=535135, Latency[ave=3738ms, 99p=5000ms]
QPS=555587, Latency[ave=3689ms, 99p=5000ms]
QPS=539908, Latency[ave=3705ms, 99p=5000ms]
QPS=570937, Latency[ave=3661ms, 99p=5000ms]
QPS=535122, Latency[ave=3790ms, 99p=5000ms]
QPS=521821, Latency[ave=3769ms, 99p=5000ms]
QPS=542974, Latency[ave=3865ms, 99p=5000ms]
QPS=531372, Latency[ave=3774ms, 99p=5000ms]
QPS=542972, Latency[ave=3867ms, 99p=5000ms]
QPS=541608, Latency[ave=3788ms, 99p=5000ms]
QPS=543314, Latency[ave=3694ms, 99p=5000ms]
QPS=537518, Latency[ave=3898ms, 99p=5000ms]
QPS=534446, Latency[ave=3758ms, 99p=5000ms]
QPS=542294, Latency[ave=3835ms, 99p=5000ms]
QPS=547755, Latency[ave=3736ms, 99p=5000ms]
QPS=557295, Latency[ave=3730ms, 99p=5000ms]
QPS=548094, Latency[ave=3714ms, 99p=5000ms]
QPS=526926, Latency[ave=3747ms, 99p=5000ms]
QPS=551171, Latency[ave=3790ms, 99p=5000ms]
QPS=542632, Latency[ave=3642ms, 99p=5000ms]
QPS=560027, Latency[ave=3791ms, 99p=5000ms]
QPS=546045, Latency[ave=3712ms, 99p=5000ms]
QPS=549110, Latency[ave=3703ms, 99p=5000ms]
QPS=548436, Latency[ave=3715ms, 99p=5000ms]
QPS=547063, Latency[ave=3662ms, 99p=5000ms]
QPS=541270, Latency[ave=3889ms, 99p=5000ms]
QPS=539901, Latency[ave=3635ms, 99p=5000ms]
QPS=546725, Latency[ave=3746ms, 99p=5000ms]
QPS=545364, Latency[ave=3687ms, 99p=5000ms]
QPS=560033, Latency[ave=3695ms, 99p=5000ms]
QPS=536153, Latency[ave=3806ms, 99p=5000ms]
QPS=558660, Latency[ave=3822ms, 99p=5000ms]
QPS=527276, Latency[ave=3745ms, 99p=5000ms]
QPS=529001, Latency[ave=3761ms, 99p=5000ms]
QPS=549455, Latency[ave=3828ms, 99p=5000ms]
QPS=521472, Latency[ave=3877ms, 99p=5000ms]
QPS=563782, Latency[ave=3808ms, 99p=5000ms]
QPS=531032, Latency[ave=3778ms, 99p=5000ms]
QPS=526596, Latency[ave=3745ms, 99p=5000ms]
QPS=537176, Latency[ave=3806ms, 99p=5000ms]
QPS=536836, Latency[ave=3706ms, 99p=5000ms]
QPS=560024, Latency[ave=3785ms, 99p=5000ms]
QPS=545710, Latency[ave=3733ms, 99p=5000ms]
QPS=567548, Latency[ave=3639ms, 99p=5000ms]
QPS=546724, Latency[ave=3738ms, 99p=5000ms]
QPS=548086, Latency[ave=3612ms, 99p=5000ms]
QPS=550485, Latency[ave=3860ms, 99p=5000ms]
QPS=533076, Latency[ave=3773ms, 99p=5000ms]
QPS=536498, Latency[ave=3744ms, 99p=5000ms]
QPS=548092, Latency[ave=3690ms, 99p=5000ms]
QPS=571627, Latency[ave=3649ms, 99p=5000ms]
QPS=541275, Latency[ave=3791ms, 99p=5000ms]
QPS=570602, Latency[ave=3657ms, 99p=5000ms]
QPS=534786, Latency[ave=3818ms, 99p=5000ms]
QPS=560709, Latency[ave=3658ms, 99p=5000ms]
QPS=550818, Latency[ave=3737ms, 99p=5000ms]
QPS=531033, Latency[ave=3637ms, 99p=5000ms]
QPS=550136, Latency[ave=3746ms, 99p=5000ms]
QPS=551509, Latency[ave=3572ms, 99p=5000ms]
QPS=558327, Latency[ave=3833ms, 99p=5000ms]
QPS=541950, Latency[ave=3730ms, 99p=5000ms]
QPS=534439, Latency[ave=3827ms, 99p=5000ms]
QPS=537857, Latency[ave=3881ms, 99p=5000ms]
QPS=537173, Latency[ave=3681ms, 99p=5000ms]
QPS=538202, Latency[ave=3946ms, 99p=5000ms]
QPS=544002, Latency[ave=3685ms, 99p=5000ms]
QPS=545021, Latency[ave=3887ms, 99p=5000ms]
QPS=532398, Latency[ave=3818ms, 99p=5000ms]
QPS=558319, Latency[ave=3654ms, 99p=5000ms]
QPS=533077, Latency[ave=3722ms, 99p=5000ms]
QPS=551504, Latency[ave=3616ms, 99p=5000ms]
QPS=548431, Latency[ave=3860ms, 99p=5000ms]
QPS=550145, Latency[ave=3625ms, 99p=5000ms]
QPS=543311, Latency[ave=3808ms, 99p=5000ms]
QPS=526940, Latency[ave=3836ms, 99p=5000ms]
QPS=567530, Latency[ave=3673ms, 99p=5000ms]
QPS=539567, Latency[ave=3848ms, 99p=5000ms]
----------------------------------

Total number of tables: 86
----------------
Keyspace : test
        Read Count: 0
        Read Latency: NaN ms
        Write Count: 205934
        Write Latency: 144.2460322676197 ms
        Pending Flushes: 0
                Table: films1
                SSTable count: 10
                Old SSTable count: 0
                Space used (live): 3.61 GiB
                Space used (total): 3.61 GiB
                Space used by snapshots (total): 0 bytes
                Off heap memory used (total): 2.9 MiB
                SSTable Compression Ratio: 0.621954526000152
                Number of partitions (estimate): 4
                Memtable cell count: 63488
                Memtable data size: 4.84 MiB
                Memtable off heap memory used: 0 bytes
                Memtable switch count: 243
                Local read count: 0
                Local read latency: NaN ms
                Local write count: 159705
                Local write latency: 159.257 ms
                Pending flushes: 0
                Percent repaired: 0.0
                Bytes repaired: 0.000KiB
                Bytes unrepaired: 5.791GiB
                Bytes pending repair: 0.000KiB
                Bloom filter false positives: 0
                Bloom filter false ratio: 0.00000
                Bloom filter space used: 160 bytes
                Bloom filter off heap memory used: 80 bytes
                Index summary off heap memory used: 160 bytes
                Compression metadata off heap memory used: 2.9 MiB
                Compacted partition minimum bytes: 12108971
                Compacted partition maximum bytes: 962624926
                Compacted partition mean bytes: 355879125
                Average live cells per slice (last five minutes): NaN
                Maximum live cells per slice (last five minutes): 0
                Average tombstones per slice (last five minutes): NaN
                Maximum tombstones per slice (last five minutes): 0
                Dropped Mutations: 0 bytes
                Droppable tombstone ratio: 0.00000

----------------

Interval (ms) Max GC Elapsed (ms)Total GC Elapsed (ms)Stdev GC Elapsed (ms)   GC Reclaimed (MB)         Collections      Direct Memory Bytes
22003         105                1528                  7                      36515913632                 54              -1
 
Interval (ms) Max GC Elapsed (ms)Total GC Elapsed (ms)Stdev GC Elapsed (ms)   GC Reclaimed (MB)         Collections      Direct Memory Bytes
181869         107               12807                 16                     328118014512                482              -1
 
Interval (ms) Max GC Elapsed (ms)Total GC Elapsed (ms)Stdev GC Elapsed (ms)   GC Reclaimed (MB)         Collections      Direct Memory Bytes
235912         116               16505                 17                     413877912992                608              -1
 
Interval (ms) Max GC Elapsed (ms)Total GC Elapsed (ms)Stdev GC Elapsed (ms)   GC Reclaimed (MB)         Collections      Direct Memory Bytes
548715         117               33487                 16                     848411074632               1248              -1
